app/build/outputs/logs/manifest-merger-debug-report.txt
-- Merging decision tree log ---
manifest
ADDED from src\main\AndroidManifest.xml:2:1-240:12
INJECTED from src\main\AndroidManifest.xml:2:1-240:12
INJECTED from src\main\AndroidManifest.xml:2:1-240:12
INJECTED from src\main\AndroidManifest.xml:2:1-240:12
MERGED from [com.felipecsl:gifimageview:2.1.0] AndroidManifest.xml:2:1-12:12
MERGED from [com.android.support:design:26.1.0] AndroidManifest.xml:17:1-31:12
MERGED from [com.android.support:appcompat-v7:26.1.0] AndroidManifest.xml:17:1-31:12
MERGED from [com.android.support.constraint:constraint-layout:1.0.2] AndroidManifest.xml:2:1-11:12
MERGED from [com.android.support:animated-vector-drawable:26.1.0] AndroidManifest.xml:17:1-28:12
MERGED from [com.android.support:support-vector-drawable:26.1.0] AndroidManifest.xml:17:1-28:12
MERGED from [com.android.support:recyclerview-v7:26.1.0] AndroidManifest.xml:17:1-28:12
MERGED from [com.android.support:transition:26.1.0] AndroidManifest.xml:17:1-28:12
MERGED from [com.android.support:support-v4:26.1.0] AndroidManifest.xml:17:1-31:12
MERGED from [com.android.support:support-media-compat:26.1.0] AndroidManifest.xml:17:1-31:12
MERGED from [com.android.support:support-fragment:26.1.0] AndroidManifest.xml:17:1-31:12
MERGED from [com.android.support:support-core-utils:26.1.0] AndroidManifest.xml:17:1-31:12
MERGED from [com.android.support:support-core-ui:26.1.0] AndroidManifest.xml:17:1-31:12
MERGED from [com.android.support:support-compat:26.1.0] AndroidManifest.xml:17:1-31:12
MERGED from [android.arch.lifecycle:runtime:1.0.0] AndroidManifest.xml:17:1-30:12
INJECTED from src\main\AndroidManifest.xml:2:1-240:12
INJECTED from src\main\AndroidManifest.xml:2:1-240:12
INJECTED from src\main\AndroidManifest.xml:2:1-240:12
	package
		ADDED from src\main\AndroidManifest.xml:3:5-46
		INJECTED from src\main\AndroidManifest.xml
		INJECTED from src\main\AndroidManifest.xml
	android:versionName
		INJECTED from src\main\AndroidManifest.xml
		ADDED from src\main\AndroidManifest.xml:2:1-240:12
		INJECTED from src\main\AndroidManifest.xml
	android:versionCode
		INJECTED from src\main\AndroidManifest.xml
		ADDED from src\main\AndroidManifest.xml:2:1-240:12
		INJECTED from src\main\AndroidManifest.xml
	xmlns:android
		ADDED from src\main\AndroidManifest.xml:2:11-69
application
ADDED from src\main\AndroidManifest.xml:5:5-238:19
MERGED from [com.felipecsl:gifimageview:2.1.0] AndroidManifest.xml:10:5-20
MERGED from [com.felipecsl:gifimageview:2.1.0] AndroidManifest.xml:10:5-20
MERGED from [com.android.support:design:26.1.0] AndroidManifest.xml:25:5-29:19
MERGED from [com.android.support:design:26.1.0] AndroidManifest.xml:25:5-29:19
MERGED from [com.android.support:appcompat-v7:26.1.0] AndroidManifest.xml:25:5-29:19
MERGED from [com.android.support:appcompat-v7:26.1.0] AndroidManifest.xml:25:5-29:19
MERGED from [com.android.support.constraint:constraint-layout:1.0.2] AndroidManifest.xml:9:5-20
MERGED from [com.android.support.constraint:constraint-layout:1.0.2] AndroidManifest.xml:9:5-20
MERGED from [com.android.support:animated-vector-drawable:26.1.0] AndroidManifest.xml:22:5-26:19
MERGED from [com.android.support:animated-vector-drawable:26.1.0] AndroidManifest.xml:22:5-26:19
MERGED from [com.android.support:support-vector-drawable:26.1.0] AndroidManifest.xml:22:5-26:19
MERGED from [com.android.support:support-vector-drawable:26.1.0] AndroidManifest.xml:22:5-26:19
MERGED from [com.android.support:recyclerview-v7:26.1.0] AndroidManifest.xml:22:5-26:19
MERGED from [com.android.support:recyclerview-v7:26.1.0] AndroidManifest.xml:22:5-26:19
MERGED from [com.android.support:transition:26.1.0] AndroidManifest.xml:22:5-26:19
MERGED from [com.android.support:transition:26.1.0] AndroidManifest.xml:22:5-26:19
MERGED from [com.android.support:support-v4:26.1.0] AndroidManifest.xml:25:5-29:19
MERGED from [com.android.support:support-v4:26.1.0] AndroidManifest.xml:25:5-29:19
MERGED from [com.android.support:support-media-compat:26.1.0] AndroidManifest.xml:25:5-29:19
MERGED from [com.android.support:support-media-compat:26.1.0] AndroidManifest.xml:25:5-29:19
MERGED from [com.android.support:support-fragment:26.1.0] AndroidManifest.xml:25:5-29:19
MERGED from [com.android.support:support-fragment:26.1.0] AndroidManifest.xml:25:5-29:19
MERGED from [com.android.support:support-core-utils:26.1.0] AndroidManifest.xml:25:5-29:19
MERGED from [com.android.support:support-core-utils:26.1.0] AndroidManifest.xml:25:5-29:19
MERGED from [com.android.support:support-core-ui:26.1.0] AndroidManifest.xml:25:5-29:19
MERGED from [com.android.support:support-core-ui:26.1.0] AndroidManifest.xml:25:5-29:19
MERGED from [com.android.support:support-compat:26.1.0] AndroidManifest.xml:25:5-29:19
MERGED from [com.android.support:support-compat:26.1.0] AndroidManifest.xml:25:5-29:19
MERGED from [android.arch.lifecycle:runtime:1.0.0] AndroidManifest.xml:24:5-28:19
MERGED from [android.arch.lifecycle:runtime:1.0.0] AndroidManifest.xml:24:5-28:19
	android:supportsRtl
		ADDED from src\main\AndroidManifest.xml:10:9-35
	android:label
		ADDED from src\main\AndroidManifest.xml:8:9-40
	android:roundIcon
		ADDED from src\main\AndroidManifest.xml:9:9-54
	android:icon
		ADDED from src\main\AndroidManifest.xml:7:9-44
	android:allowBackup
		ADDED from src\main\AndroidManifest.xml:6:9-35
	android:theme
		ADDED from src\main\AndroidManifest.xml:11:9-40
activity#com.example.hkcze.myapplication.FirstLoginPage
ADDED from src\main\AndroidManifest.xml:12:9-22:20
	android:screenOrientation
		ADDED from src\main\AndroidManifest.xml:15:13-49
	android:label
		ADDED from src\main\AndroidManifest.xml:14:13-45
	android:theme
		ADDED from src\main\AndroidManifest.xml:16:13-56
	android:name
		ADDED from src\main\AndroidManifest.xml:13:13-43
intent-filter#action:name:android.intent.action.MAIN+category:name:android.intent.category.LAUNCHER
ADDED from src\main\AndroidManifest.xml:17:13-21:29
action#android.intent.action.MAIN
ADDED from src\main\AndroidManifest.xml:18:17-69
	android:name
		ADDED from src\main\AndroidManifest.xml:18:25-66
category#android.intent.category.LAUNCHER
ADDED from src\main\AndroidManifest.xml:20:17-77
	android:name
		ADDED from src\main\AndroidManifest.xml:20:27-74
activity#com.example.hkcze.myapplication.NewFood1
ADDED from src\main\AndroidManifest.xml:23:9-26:58
	android:screenOrientation
		ADDED from src\main\AndroidManifest.xml:25:13-49
	android:theme
		ADDED from src\main\AndroidManifest.xml:26:13-56
	android:name
		ADDED from src\main\AndroidManifest.xml:24:13-37
activity#com.example.hkcze.myapplication.CookingMenuExample
ADDED from src\main\AndroidManifest.xml:27:9-30:59
	android:screenOrientation
		ADDED from src\main\AndroidManifest.xml:29:13-49
	android:theme
		ADDED from src\main\AndroidManifest.xml:30:13-56
	android:name
		ADDED from src\main\AndroidManifest.xml:28:13-47
activity#com.example.hkcze.myapplication.NextPage
ADDED from src\main\AndroidManifest.xml:31:9-34:59
	android:screenOrientation
		ADDED from src\main\AndroidManifest.xml:33:13-49
	android:theme
		ADDED from src\main\AndroidManifest.xml:34:13-56
	android:name
		ADDED from src\main\AndroidManifest.xml:32:13-37
activity#com.example.hkcze.myapplication.CookingMenuHomePage
ADDED from src\main\AndroidManifest.xml:35:9-38:59
	android:screenOrientation
		ADDED from src\main\AndroidManifest.xml:37:13-49
	android:theme
		ADDED from src\main\AndroidManifest.xml:38:13-56
	android:name
		ADDED from src\main\AndroidManifest.xml:36:13-48
activity#com.example.hkcze.myapplication.MainMenuView
ADDED from src\main\AndroidManifest.xml:39:9-42:59
	android:screenOrientation
		ADDED from src\main\AndroidManifest.xml:41:13-49
	android:theme
		ADDED from src\main\AndroidManifest.xml:42:13-56
	android:name
		ADDED from src\main\AndroidManifest.xml:40:13-41
activity#com.example.hkcze.myapplication.ContactUs
ADDED from src\main\AndroidManifest.xml:43:9-46:59
	android:screenOrientation
		ADDED from src\main\AndroidManifest.xml:45:13-49
	android:theme
		ADDED from src\main\AndroidManifest.xml:46:13-56
	android:name
		ADDED from src\main\AndroidManifest.xml:44:13-38
activity#com.example.hkcze.myapplication.MenuForum
ADDED from src\main\AndroidManifest.xml:47:9-50:59
	android:screenOrientation
		ADDED from src\main\AndroidManifest.xml:49:13-49
	android:theme
		ADDED from src\main\AndroidManifest.xml:50:13-56
	android:name
		ADDED from src\main\AndroidManifest.xml:48:13-38
activity#com.example.hkcze.myapplication.AddMenu2
ADDED from src\main\AndroidManifest.xml:51:9-54:59
	android:screenOrientation
		ADDED from src\main\AndroidManifest.xml:53:13-49
	android:theme
		ADDED from src\main\AndroidManifest.xml:54:13-56
	android:name
		ADDED from src\main\AndroidManifest.xml:52:13-37
activity#com.example.hkcze.myapplication.AddMenu
ADDED from src\main\AndroidManifest.xml:55:9-58:59
	android:screenOrientation
		ADDED from src\main\AndroidManifest.xml:57:13-49
	android:theme
		ADDED from src\main\AndroidManifest.xml:58:13-56
	android:name
		ADDED from src\main\AndroidManifest.xml:56:13-36
activity#com.example.hkcze.myapplication.AddMenu3
ADDED from src\main\AndroidManifest.xml:59:9-62:59
	android:screenOrientation
		ADDED from src\main\AndroidManifest.xml:61:13-49
	android:theme
		ADDED from src\main\AndroidManifest.xml:62:13-56
	android:name
		ADDED from src\main\AndroidManifest.xml:60:13-37
activity#com.example.hkcze.myapplication.AddMenu4
ADDED from src\main\AndroidManifest.xml:63:9-66:59
	android:screenOrientation
		ADDED from src\main\AndroidManifest.xml:65:13-49
	android:theme
		ADDED from src\main\AndroidManifest.xml:66:13-56
	android:name
		ADDED from src\main\AndroidManifest.xml:64:13-37
activity#com.example.hkcze.myapplication.HouseFood_toc
ADDED from src\main\AndroidManifest.xml:67:9-71:43
	android:screenOrientation
		ADDED from src\main\AndroidManifest.xml:70:13-49
	android:label
		ADDED from src\main\AndroidManifest.xml:69:13-33
	android:theme
		ADDED from src\main\AndroidManifest.xml:71:13-40
	android:name
		ADDED from src\main\AndroidManifest.xml:68:13-42
activity#com.example.hkcze.myapplication.JapaneseFood_toc
ADDED from src\main\AndroidManifest.xml:72:9-76:43
	android:screenOrientation
		ADDED from src\main\AndroidManifest.xml:75:13-49
	android:label
		ADDED from src\main\AndroidManifest.xml:74:13-33
	android:theme
		ADDED from src\main\AndroidManifest.xml:76:13-40
	android:name
		ADDED from src\main\AndroidManifest.xml:73:13-45
activity#com.example.hkcze.myapplication.KoreaFood_toc
ADDED from src\main\AndroidManifest.xml:77:9-81:43
	android:screenOrientation
		ADDED from src\main\AndroidManifest.xml:80:13-49
	android:label
		ADDED from src\main\AndroidManifest.xml:79:13-33
	android:theme
		ADDED from src\main\AndroidManifest.xml:81:13-40
	android:name
		ADDED from src\main\AndroidManifest.xml:78:13-42
activity#com.example.hkcze.myapplication.JunkFood_toc
ADDED from src\main\AndroidManifest.xml:82:9-86:43
	android:screenOrientation
		ADDED from src\main\AndroidManifest.xml:85:13-49
	android:label
		ADDED from src\main\AndroidManifest.xml:84:13-33
	android:theme
		ADDED from src\main\AndroidManifest.xml:86:13-40
	android:name
		ADDED from src\main\AndroidManifest.xml:83:13-41
activity#com.example.hkcze.myapplication.SpicyFood_toc
ADDED from src\main\AndroidManifest.xml:87:9-91:43
	android:screenOrientation
		ADDED from src\main\AndroidManifest.xml:90:13-49
	android:label
		ADDED from src\main\AndroidManifest.xml:89:13-33
	android:theme
		ADDED from src\main\AndroidManifest.xml:91:13-40
	android:name
		ADDED from src\main\AndroidManifest.xml:88:13-42
activity#com.example.hkcze.myapplication.FitFood_toc
ADDED from src\main\AndroidManifest.xml:92:9-96:43
	android:screenOrientation
		ADDED from src\main\AndroidManifest.xml:95:13-49
	android:label
		ADDED from src\main\AndroidManifest.xml:94:13-33
	android:theme
		ADDED from src\main\AndroidManifest.xml:96:13-40
	android:name
		ADDED from src\main\AndroidManifest.xml:93:13-40
activity#com.example.hkcze.myapplication.HealthFood_toc
ADDED from src\main\AndroidManifest.xml:97:9-101:43
	android:screenOrientation
		ADDED from src\main\AndroidManifest.xml:100:13-49
	android:label
		ADDED from src\main\AndroidManifest.xml:99:13-33
	android:theme
		ADDED from src\main\AndroidManifest.xml:101:13-40
	android:name
		ADDED from src\main\AndroidManifest.xml:98:13-43
activity#com.example.hkcze.myapplication.Dessert_toc
ADDED from src\main\AndroidManifest.xml:102:9-106:43
	android:screenOrientation
		ADDED from src\main\AndroidManifest.xml:105:13-49
	android:label
		ADDED from src\main\AndroidManifest.xml:104:13-33
	android:theme
		ADDED from src\main\AndroidManifest.xml:106:13-40
	android:name
		ADDED from src\main\AndroidManifest.xml:103:13-40
activity#com.example.hkcze.myapplication.Drink_toc
ADDED from src\main\AndroidManifest.xml:107:9-111:43
	android:screenOrientation
		ADDED from src\main\AndroidManifest.xml:110:13-49
	android:label
		ADDED from src\main\AndroidManifest.xml:109:13-33
	android:theme
		ADDED from src\main\AndroidManifest.xml:111:13-40
	android:name
		ADDED from src\main\AndroidManifest.xml:108:13-38
activity#com.example.hkcze.myapplication.NewFood_toc
ADDED from src\main\AndroidManifest.xml:112:9-116:43
	android:screenOrientation
		ADDED from src\main\AndroidManifest.xml:115:13-49
	android:label
		ADDED from src\main\AndroidManifest.xml:114:13-33
	android:theme
		ADDED from src\main\AndroidManifest.xml:116:13-40
	android:name
		ADDED from src\main\AndroidManifest.xml:113:13-40
activity#com.example.hkcze.myapplication.Drink1
ADDED from src\main\AndroidManifest.xml:117:9-120:58
	android:screenOrientation
		ADDED from src\main\AndroidManifest.xml:119:13-49
	android:theme
		ADDED from src\main\AndroidManifest.xml:120:13-56
	android:name
		ADDED from src\main\AndroidManifest.xml:118:13-35
activity#com.example.hkcze.myapplication.Drink2
ADDED from src\main\AndroidManifest.xml:121:9-124:58
	android:screenOrientation
		ADDED from src\main\AndroidManifest.xml:123:13-49
	android:theme
		ADDED from src\main\AndroidManifest.xml:124:13-56
	android:name
		ADDED from src\main\AndroidManifest.xml:122:13-35
activity#com.example.hkcze.myapplication.Drink3
ADDED from src\main\AndroidManifest.xml:125:9-128:58
	android:screenOrientation
		ADDED from src\main\AndroidManifest.xml:127:13-49
	android:theme
		ADDED from src\main\AndroidManifest.xml:128:13-56
	android:name
		ADDED from src\main\AndroidManifest.xml:126:13-35
activity#com.example.hkcze.myapplication.Dessert1
ADDED from src\main\AndroidManifest.xml:129:9-132:58
	android:screenOrientation
		ADDED from src\main\AndroidManifest.xml:131:13-49
	android:theme
		ADDED from src\main\AndroidManifest.xml:132:13-56
	android:name
		ADDED from src\main\AndroidManifest.xml:130:13-37
activity#com.example.hkcze.myapplication.Dessert2
ADDED from src\main\AndroidManifest.xml:133:9-136:58
	android:screenOrientation
		ADDED from src\main\AndroidManifest.xml:135:13-49
	android:theme
		ADDED from src\main\AndroidManifest.xml:136:13-56
	android:name
		ADDED from src\main\AndroidManifest.xml:134:13-37
activity#com.example.hkcze.myapplication.Dessert3
ADDED from src\main\AndroidManifest.xml:137:9-140:58
	android:screenOrientation
		ADDED from src\main\AndroidManifest.xml:139:13-49
	android:theme
		ADDED from src\main\AndroidManifest.xml:140:13-56
	android:name
		ADDED from src\main\AndroidManifest.xml:138:13-37
activity#com.example.hkcze.myapplication.FitFood1
ADDED from src\main\AndroidManifest.xml:141:9-144:58
	android:screenOrientation
		ADDED from src\main\AndroidManifest.xml:143:13-49
	android:theme
		ADDED from src\main\AndroidManifest.xml:144:13-56
	android:name
		ADDED from src\main\AndroidManifest.xml:142:13-37
activity#com.example.hkcze.myapplication.FitFood2
ADDED from src\main\AndroidManifest.xml:145:9-148:58
	android:screenOrientation
		ADDED from src\main\AndroidManifest.xml:147:13-49
	android:theme
		ADDED from src\main\AndroidManifest.xml:148:13-56
	android:name
		ADDED from src\main\AndroidManifest.xml:146:13-37
activity#com.example.hkcze.myapplication.FitFood3
ADDED from src\main\AndroidManifest.xml:149:9-152:58
	android:screenOrientation
		ADDED from src\main\AndroidManifest.xml:151:13-49
	android:theme
		ADDED from src\main\AndroidManifest.xml:152:13-56
	android:name
		ADDED from src\main\AndroidManifest.xml:150:13-37
activity#com.example.hkcze.myapplication.HealthFood3
ADDED from src\main\AndroidManifest.xml:153:9-156:58
	android:screenOrientation
		ADDED from src\main\AndroidManifest.xml:155:13-49
	android:theme
		ADDED from src\main\AndroidManifest.xml:156:13-56
	android:name
		ADDED from src\main\AndroidManifest.xml:154:13-40
activity#com.example.hkcze.myapplication.HealthFood2
ADDED from src\main\AndroidManifest.xml:157:9-160:58
	android:screenOrientation
		ADDED from src\main\AndroidManifest.xml:159:13-49
	android:theme
		ADDED from src\main\AndroidManifest.xml:160:13-56
	android:name
		ADDED from src\main\AndroidManifest.xml:158:13-40
activity#com.example.hkcze.myapplication.HealthFood1
ADDED from src\main\AndroidManifest.xml:161:9-164:58
	android:screenOrientation
		ADDED from src\main\AndroidManifest.xml:163:13-49
	android:theme
		ADDED from src\main\AndroidManifest.xml:164:13-56
	android:name
		ADDED from src\main\AndroidManifest.xml:162:13-40
activity#com.example.hkcze.myapplication.HouseFood1
ADDED from src\main\AndroidManifest.xml:165:9-168:58
	android:screenOrientation
		ADDED from src\main\AndroidManifest.xml:167:13-49
	android:theme
		ADDED from src\main\AndroidManifest.xml:168:13-56
	android:name
		ADDED from src\main\AndroidManifest.xml:166:13-39
activity#com.example.hkcze.myapplication.HouseFood2
ADDED from src\main\AndroidManifest.xml:169:9-172:58
	android:screenOrientation
		ADDED from src\main\AndroidManifest.xml:171:13-49
	android:theme
		ADDED from src\main\AndroidManifest.xml:172:13-56
	android:name
		ADDED from src\main\AndroidManifest.xml:170:13-39
activity#com.example.hkcze.myapplication.HouseFood3
ADDED from src\main\AndroidManifest.xml:173:9-176:58
	android:screenOrientation
		ADDED from src\main\AndroidManifest.xml:175:13-49
	android:theme
		ADDED from src\main\AndroidManifest.xml:176:13-56
	android:name
		ADDED from src\main\AndroidManifest.xml:174:13-39
activity#com.example.hkcze.myapplication.HouseFood4
ADDED from src\main\AndroidManifest.xml:177:9-180:58
	android:screenOrientation
		ADDED from src\main\AndroidManifest.xml:179:13-49
	android:theme
		ADDED from src\main\AndroidManifest.xml:180:13-56
	android:name
		ADDED from src\main\AndroidManifest.xml:178:13-39
activity#com.example.hkcze.myapplication.JapaneseFood1
ADDED from src\main\AndroidManifest.xml:181:9-184:58
	android:screenOrientation
		ADDED from src\main\AndroidManifest.xml:183:13-49
	android:theme
		ADDED from src\main\AndroidManifest.xml:184:13-56
	android:name
		ADDED from src\main\AndroidManifest.xml:182:13-42
activity#com.example.hkcze.myapplication.JapaneseFood2
ADDED from src\main\AndroidManifest.xml:185:9-188:58
	android:screenOrientation
		ADDED from src\main\AndroidManifest.xml:187:13-49
	android:theme
		ADDED from src\main\AndroidManifest.xml:188:13-56
	android:name
		ADDED from src\main\AndroidManifest.xml:186:13-42
activity#com.example.hkcze.myapplication.JapaneseFood3
ADDED from src\main\AndroidManifest.xml:189:9-192:58
	android:screenOrientation
		ADDED from src\main\AndroidManifest.xml:191:13-49
	android:theme
		ADDED from src\main\AndroidManifest.xml:192:13-56
	android:name
		ADDED from src\main\AndroidManifest.xml:190:13-42
activity#com.example.hkcze.myapplication.JapaneseFood4
ADDED from src\main\AndroidManifest.xml:193:9-196:58
	android:screenOrientation
		ADDED from src\main\AndroidManifest.xml:195:13-49
	android:theme
		ADDED from src\main\AndroidManifest.xml:196:13-56
	android:name
		ADDED from src\main\AndroidManifest.xml:194:13-42
activity#com.example.hkcze.myapplication.KoreaFood1
ADDED from src\main\AndroidManifest.xml:197:9-200:58
	android:screenOrientation
		ADDED from src\main\AndroidManifest.xml:199:13-49
	android:theme
		ADDED from src\main\AndroidManifest.xml:200:13-56
	android:name
		ADDED from src\main\AndroidManifest.xml:198:13-39
activity#com.example.hkcze.myapplication.KoreaFood2
ADDED from src\main\AndroidManifest.xml:201:9-204:58
	android:screenOrientation
		ADDED from src\main\AndroidManifest.xml:203:13-49
	android:theme
		ADDED from src\main\AndroidManifest.xml:204:13-56
	android:name
		ADDED from src\main\AndroidManifest.xml:202:13-39
activity#com.example.hkcze.myapplication.KoreaFood3
ADDED from src\main\AndroidManifest.xml:205:9-208:58
	android:screenOrientation
		ADDED from src\main\AndroidManifest.xml:207:13-49
	android:theme
		ADDED from src\main\AndroidManifest.xml:208:13-56
	android:name
		ADDED from src\main\AndroidManifest.xml:206:13-39
activity#com.example.hkcze.myapplication.JunkFood1
ADDED from src\main\AndroidManifest.xml:209:9-212:58
	android:screenOrientation
		ADDED from src\main\AndroidManifest.xml:211:13-49
	android:theme
		ADDED from src\main\AndroidManifest.xml:212:13-56
	android:name
		ADDED from src\main\AndroidManifest.xml:210:13-38
activity#com.example.hkcze.myapplication.JunkFood2
ADDED from src\main\AndroidManifest.xml:213:9-216:58
	android:screenOrientation
		ADDED from src\main\AndroidManifest.xml:215:13-49
	android:theme
		ADDED from src\main\AndroidManifest.xml:216:13-56
	android:name
		ADDED from src\main\AndroidManifest.xml:214:13-38
activity#com.example.hkcze.myapplication.JunkFood3
ADDED from src\main\AndroidManifest.xml:217:9-220:58
	android:screenOrientation
		ADDED from src\main\AndroidManifest.xml:219:13-49
	android:theme
		ADDED from src\main\AndroidManifest.xml:220:13-56
	android:name
		ADDED from src\main\AndroidManifest.xml:218:13-38
activity#com.example.hkcze.myapplication.SpicyFood1
ADDED from src\main\AndroidManifest.xml:221:9-224:58
	android:screenOrientation
		ADDED from src\main\AndroidManifest.xml:223:13-49
	android:theme
		ADDED from src\main\AndroidManifest.xml:224:13-56
	android:name
		ADDED from src\main\AndroidManifest.xml:222:13-39
activity#com.example.hkcze.myapplication.SpicyFood2
ADDED from src\main\AndroidManifest.xml:225:9-228:58
	android:screenOrientation
		ADDED from src\main\AndroidManifest.xml:227:13-49
	android:theme
		ADDED from src\main\AndroidManifest.xml:228:13-56
	android:name
		ADDED from src\main\AndroidManifest.xml:226:13-39
activity#com.example.hkcze.myapplication.SpicyFood3
ADDED from src\main\AndroidManifest.xml:229:9-232:58
	android:screenOrientation
		ADDED from src\main\AndroidManifest.xml:231:13-49
	android:theme
		ADDED from src\main\AndroidManifest.xml:232:13-56
	android:name
		ADDED from src\main\AndroidManifest.xml:230:13-39
activity#com.example.hkcze.myapplication.RandomShake
ADDED from src\main\AndroidManifest.xml:234:9-236:59
	android:screenOrientation
		ADDED from src\main\AndroidManifest.xml:235:13-49
	android:theme
		ADDED from src\main\AndroidManifest.xml:236:13-56
	android:name
		ADDED from src\main\AndroidManifest.xml:234:19-46
uses-sdk
INJECTED from src\main\AndroidManifest.xml reason: use-sdk injection requested
INJECTED from src\main\AndroidManifest.xml
INJECTED from src\main\AndroidManifest.xml
MERGED from [com.felipecsl:gifimageview:2.1.0] AndroidManifest.xml:8:5-43
MERGED from [com.felipecsl:gifimageview:2.1.0] AndroidManifest.xml:8:5-43
MERGED from [com.android.support:design:26.1.0] AndroidManifest.xml:21:5-23:62
MERGED from [com.android.support:design:26.1.0] AndroidManifest.xml:21:5-23:62
MERGED from [com.android.support:appcompat-v7:26.1.0] AndroidManifest.xml:21:5-23:78
MERGED from [com.android.support:appcompat-v7:26.1.0] AndroidManifest.xml:21:5-23:78
MERGED from [com.android.support.constraint:constraint-layout:1.0.2] AndroidManifest.xml:5:5-7:41
MERGED from [com.android.support.constraint:constraint-layout:1.0.2] AndroidManifest.xml:5:5-7:41
MERGED from [com.android.support:animated-vector-drawable:26.1.0] AndroidManifest.xml:20:5-44
MERGED from [com.android.support:animated-vector-drawable:26.1.0] AndroidManifest.xml:20:5-44
MERGED from [com.android.support:support-vector-drawable:26.1.0] AndroidManifest.xml:20:5-44
MERGED from [com.android.support:support-vector-drawable:26.1.0] AndroidManifest.xml:20:5-44
MERGED from [com.android.support:recyclerview-v7:26.1.0] AndroidManifest.xml:20:5-44
MERGED from [com.android.support:recyclerview-v7:26.1.0] AndroidManifest.xml:20:5-44
MERGED from [com.android.support:transition:26.1.0] AndroidManifest.xml:20:5-44
MERGED from [com.android.support:transition:26.1.0] AndroidManifest.xml:20:5-44
MERGED from [com.android.support:support-v4:26.1.0] AndroidManifest.xml:21:5-23:54
MERGED from [com.android.support:support-v4:26.1.0] AndroidManifest.xml:21:5-23:54
MERGED from [com.android.support:support-media-compat:26.1.0] AndroidManifest.xml:21:5-23:63
MERGED from [com.android.support:support-media-compat:26.1.0] AndroidManifest.xml:21:5-23:63
MERGED from [com.android.support:support-fragment:26.1.0] AndroidManifest.xml:21:5-23:60
MERGED from [com.android.support:support-fragment:26.1.0] AndroidManifest.xml:21:5-23:60
MERGED from [com.android.support:support-core-utils:26.1.0] AndroidManifest.xml:21:5-23:61
MERGED from [com.android.support:support-core-utils:26.1.0] AndroidManifest.xml:21:5-23:61
MERGED from [com.android.support:support-core-ui:26.1.0] AndroidManifest.xml:21:5-23:58
MERGED from [com.android.support:support-core-ui:26.1.0] AndroidManifest.xml:21:5-23:58
MERGED from [com.android.support:support-compat:26.1.0] AndroidManifest.xml:21:5-23:58
MERGED from [com.android.support:support-compat:26.1.0] AndroidManifest.xml:21:5-23:58
MERGED from [android.arch.lifecycle:runtime:1.0.0] AndroidManifest.xml:20:5-22:41
MERGED from [android.arch.lifecycle:runtime:1.0.0] AndroidManifest.xml:20:5-22:41
INJECTED from src\main\AndroidManifest.xml
INJECTED from src\main\AndroidManifest.xml
	tools:overrideLibrary
		ADDED from [com.android.support:design:26.1.0] AndroidManifest.xml:23:9-59
	android:targetSdkVersion
		INJECTED from src\main\AndroidManifest.xml
		ADDED from src\main\AndroidManifest.xml
		INJECTED from src\main\AndroidManifest.xml
	android:minSdkVersion
		INJECTED from src\main\AndroidManifest.xml
		ADDED from src\main\AndroidManifest.xml
		INJECTED from src\main\AndroidManifest.xml
meta-data#android.support.VERSION
ADDED from [com.android.support:design:26.1.0] AndroidManifest.xml:26:9-28:38
MERGED from [com.android.support:appcompat-v7:26.1.0] AndroidManifest.xml:26:9-28:38
MERGED from [com.android.support:appcompat-v7:26.1.0] AndroidManifest.xml:26:9-28:38
MERGED from [com.android.support:animated-vector-drawable:26.1.0] AndroidManifest.xml:23:9-25:38
MERGED from [com.android.support:animated-vector-drawable:26.1.0] AndroidManifest.xml:23:9-25:38
MERGED from [com.android.support:support-vector-drawable:26.1.0] AndroidManifest.xml:23:9-25:38
MERGED from [com.android.support:support-vector-drawable:26.1.0] AndroidManifest.xml:23:9-25:38
MERGED from [com.android.support:recyclerview-v7:26.1.0] AndroidManifest.xml:23:9-25:38
MERGED from [com.android.support:recyclerview-v7:26.1.0] AndroidManifest.xml:23:9-25:38
MERGED from [com.android.support:transition:26.1.0] AndroidManifest.xml:23:9-25:38
MERGED from [com.android.support:transition:26.1.0] AndroidManifest.xml:23:9-25:38
MERGED from [com.android.support:support-v4:26.1.0] AndroidManifest.xml:26:9-28:38
MERGED from [com.android.support:support-v4:26.1.0] AndroidManifest.xml:26:9-28:38
MERGED from [com.android.support:support-media-compat:26.1.0] AndroidManifest.xml:26:9-28:38
MERGED from [com.android.support:support-media-compat:26.1.0] AndroidManifest.xml:26:9-28:38
MERGED from [com.android.support:support-fragment:26.1.0] AndroidManifest.xml:26:9-28:38
MERGED from [com.android.support:support-fragment:26.1.0] AndroidManifest.xml:26:9-28:38
MERGED from [com.android.support:support-core-utils:26.1.0] AndroidManifest.xml:26:9-28:38
MERGED from [com.android.support:support-core-utils:26.1.0] AndroidManifest.xml:26:9-28:38
MERGED from [com.android.support:support-core-ui:26.1.0] AndroidManifest.xml:26:9-28:38
MERGED from [com.android.support:support-core-ui:26.1.0] AndroidManifest.xml:26:9-28:38
MERGED from [com.android.support:support-compat:26.1.0] AndroidManifest.xml:26:9-28:38
MERGED from [com.android.support:support-compat:26.1.0] AndroidManifest.xml:26:9-28:38
	android:value
		ADDED from [com.android.support:design:26.1.0] AndroidManifest.xml:28:13-35
	android:name
		ADDED from [com.android.support:design:26.1.0] AndroidManifest.xml:27:13-51
meta-data#android.arch.lifecycle.VERSION
ADDED from [android.arch.lifecycle:runtime:1.0.0] AndroidManifest.xml:25:9-27:47
	android:value
		ADDED from [android.arch.lifecycle:runtime:1.0.0] AndroidManifest.xml:27:13-44
	android:name
		ADDED from [android.arch.lifecycle:runtime:1.0.0] AndroidManifest.xml:26:13-58